05-03-2020 10:28:36 INFO Flush
05-03-2020 10:28:36 INFO Full House
05-03-2020 10:28:41 INFO Flush
05-03-2020 10:30:10 INFO Flush
05-03-2020 10:32:59 DEBUG Straight
05-03-2020 10:33:00 WARNING Four of a Kind
05-03-2020 10:33:11 DEBUG Straight
05-04-2020 01:04:54 INFO Full House
05-04-2020 01:04:54 INFO Full House
05-04-2020 01:04:56 INFO Flush
05-04-2020 01:04:56 INFO Flush
05-04-2020 01:04:56 INFO Flush
05-04-2020 01:05:48 DEBUG Straight
05-04-2020 01:05:48 DEBUG Straight
05-04-2020 01:05:50 INFO Full House
05-04-2020 01:05:50 INFO Full House
05-04-2020 01:05:53 INFO Flush
05-04-2020 01:05:53 INFO Flush
05-04-2020 01:06:50 INFO Full House
05-04-2020 01:06:53 INFO Full House
05-04-2020 01:06:54 INFO Flush
05-04-2020 01:06:57 INFO Full House
05-04-2020 01:07:00 INFO Flush
05-04-2020 01:07:00 INFO Flush
05-04-2020 01:07:00 INFO Flush
05-04-2020 01:07:00 INFO Flush
05-04-2020 01:07:00 INFO Flush
05-04-2020 01:07:03 DEBUG Straight
05-04-2020 01:07:05 DEBUG Straight
05-04-2020 01:07:05 DEBUG Straight
05-04-2020 01:07:09 DEBUG Straight
05-04-2020 01:07:11 DEBUG Straight
05-04-2020 01:07:12 INFO Full House
05-04-2020 01:07:13 INFO Full House
05-04-2020 01:07:13 INFO Full House
05-04-2020 01:08:08 INFO Flush
05-04-2020 01:08:10 INFO Full House
05-04-2020 01:08:10 DEBUG Straight
05-04-2020 01:08:15 INFO Full House
05-04-2020 01:08:17 INFO Full House
05-04-2020 01:08:18 DEBUG Straight
05-04-2020 01:08:22 INFO Flush
05-04-2020 01:08:24 INFO Flush
05-04-2020 01:08:24 INFO Flush
05-04-2020 01:08:24 INFO Flush
05-04-2020 01:08:24 INFO Full House
05-04-2020 01:08:25 DEBUG Straight
05-04-2020 01:08:27 INFO Flush
05-04-2020 01:08:29 INFO Full House
05-04-2020 01:08:29 INFO Full House
05-04-2020 01:08:29 INFO Flush
05-04-2020 01:08:29 INFO Flush
05-04-2020 01:08:29 INFO Flush
05-04-2020 01:08:30 INFO Flush
05-04-2020 01:08:30 WARNING Four of a Kind
05-04-2020 01:08:31 DEBUG Straight
05-04-2020 01:08:31 WARNING Four of a Kind
05-04-2020 01:08:32 INFO Full House
05-04-2020 01:08:32 DEBUG Straight
05-04-2020 10:38:35 INFO Flush
05-04-2020 10:39:59 INFO Flush
05-04-2020 10:41:55 DEBUG Straight
05-04-2020 10:41:55 DEBUG Straight
05-04-2020 10:41:55 DEBUG Straight
05-04-2020 10:42:35 DEBUG Straight
05-04-2020 10:43:50 DEBUG Straight
05-04-2020 10:43:51 INFO Full House
05-04-2020 10:43:51 INFO Full House
05-04-2020 10:44:44 INFO Full House
05-04-2020 10:45:17 DEBUG Straight
05-04-2020 10:46:21 DEBUG Straight
05-04-2020 10:47:05 DEBUG Straight
05-04-2020 10:59:08 INFO Full House
05-04-2020 10:59:10 INFO Full House
05-04-2020 10:59:12 DEBUG Straight
05-04-2020 10:59:12 DEBUG Straight
05-04-2020 10:59:12 INFO Full House
05-04-2020 10:59:12 INFO Full House
05-04-2020 10:59:12 INFO Full House
05-04-2020 10:59:12 INFO Full House
05-04-2020 10:59:13 DEBUG Straight
05-04-2020 10:59:13 DEBUG Straight
05-04-2020 10:59:15 INFO Full House
05-04-2020 10:59:18 INFO Full House
05-04-2020 10:59:19 INFO Flush
05-04-2020 10:59:20 DEBUG Straight
05-04-2020 10:59:20 INFO Flush
05-04-2020 10:59:21 INFO Full House
05-04-2020 10:59:21 INFO Full House
05-04-2020 10:59:23 INFO Flush
05-04-2020 10:59:24 INFO Full House
05-04-2020 10:59:26 DEBUG Straight
05-04-2020 11:01:06 INFO Flush
05-04-2020 11:01:23 DEBUG Straight
05-04-2020 11:03:09 INFO Full House
05-04-2020 11:07:14 INFO Flush
05-04-2020 11:07:14 INFO Full House
05-04-2020 11:07:14 INFO Full House
05-04-2020 11:07:18 INFO Flush
05-04-2020 11:07:18 INFO Flush
05-04-2020 11:07:18 INFO Flush
05-04-2020 11:07:33 DEBUG Straight
05-04-2020 11:07:35 INFO Flush
05-04-2020 11:07:36 INFO Full House
05-04-2020 11:07:36 INFO Full House
05-04-2020 11:07:37 DEBUG Straight
05-04-2020 11:07:37 DEBUG Straight
05-04-2020 11:07:40 INFO Full House
05-04-2020 11:07:41 INFO Flush
05-04-2020 11:07:41 DEBUG Straight
05-04-2020 11:07:41 INFO Flush
05-04-2020 11:09:39 INFO Full House
05-04-2020 11:09:39 INFO Full House
05-04-2020 11:09:39 INFO Full House
05-04-2020 11:09:39 INFO Full House
05-04-2020 11:13:11 INFO Flush
05-04-2020 11:13:25 DEBUG Straight
05-04-2020 11:15:58 INFO Full House
05-04-2020 11:16:03 INFO Full House
05-04-2020 11:16:03 INFO Full House
05-04-2020 11:16:33 INFO Full House
05-04-2020 11:16:36 INFO Flush
05-04-2020 11:16:36 INFO Flush
05-04-2020 11:16:37 DEBUG Straight
05-04-2020 11:16:38 DEBUG Straight
05-04-2020 11:16:40 DEBUG Straight
05-04-2020 11:16:49 DEBUG Straight
05-04-2020 11:16:50 DEBUG Straight
05-04-2020 11:16:51 DEBUG Straight
05-04-2020 11:16:52 INFO Flush
05-04-2020 11:16:53 INFO Flush
05-04-2020 11:16:53 INFO Flush
05-04-2020 11:16:53 DEBUG Straight
05-04-2020 11:16:57 INFO Full House
05-04-2020 11:16:58 INFO Flush
05-04-2020 11:16:58 DEBUG Straight
05-04-2020 11:16:59 INFO Flush
05-04-2020 11:16:59 INFO Flush
05-04-2020 11:17:00 DEBUG Straight
05-04-2020 11:17:00 DEBUG Straight
05-04-2020 11:17:01 DEBUG Straight
05-04-2020 11:17:04 INFO Full House
05-04-2020 11:17:04 INFO Full House
05-04-2020 11:17:04 INFO Full House
05-04-2020 11:17:04 INFO Full House
05-04-2020 11:17:05 DEBUG Straight
05-04-2020 11:17:06 INFO Full House
05-04-2020 11:17:12 INFO Full House
05-04-2020 11:17:12 INFO Full House
05-04-2020 11:17:12 INFO Full House
05-04-2020 11:17:12 INFO Full House
05-04-2020 11:17:13 INFO Flush
05-04-2020 11:17:15 INFO Full House
05-04-2020 11:17:17 INFO Full House
05-04-2020 11:17:18 INFO Flush
05-04-2020 11:17:18 INFO Flush
05-04-2020 11:17:18 DEBUG Straight
05-04-2020 11:17:18 INFO Flush
05-04-2020 11:17:19 INFO Full House
05-04-2020 11:17:19 INFO Flush
05-04-2020 11:17:22 DEBUG Straight
05-04-2020 11:17:23 DEBUG Straight
05-04-2020 11:17:23 DEBUG Straight
05-04-2020 11:17:25 DEBUG Straight
05-04-2020 11:17:26 DEBUG Straight
05-04-2020 11:17:26 DEBUG Straight
05-04-2020 11:17:27 INFO Flush
05-04-2020 11:17:27 INFO Flush
05-04-2020 11:17:27 INFO Flush
05-04-2020 11:17:28 INFO Full House
05-04-2020 11:17:29 INFO Flush
05-04-2020 11:17:30 INFO Flush
05-04-2020 11:17:31 INFO Full House
05-04-2020 11:17:31 INFO Full House
05-04-2020 11:17:32 DEBUG Straight
05-04-2020 11:17:33 DEBUG Straight
05-04-2020 11:17:33 DEBUG Straight
05-04-2020 11:17:35 INFO Full House
05-04-2020 11:17:35 DEBUG Straight
05-04-2020 11:17:36 INFO Full House
05-04-2020 11:17:37 DEBUG Straight
05-04-2020 11:17:37 CRITICAL Straight Flush
05-04-2020 11:17:39 INFO Flush
05-04-2020 11:17:39 INFO Flush
05-04-2020 11:17:39 DEBUG Straight
05-04-2020 11:17:41 DEBUG Straight
05-04-2020 11:17:41 INFO Full House
05-04-2020 11:17:42 INFO Flush
05-04-2020 11:17:44 INFO Full House
05-04-2020 11:17:47 INFO Full House
05-04-2020 11:17:48 INFO Flush
05-04-2020 11:17:48 INFO Flush
05-04-2020 11:17:54 INFO Flush
05-04-2020 11:17:57 DEBUG Straight
05-04-2020 11:18:00 DEBUG Straight
05-04-2020 11:18:02 INFO Full House
05-04-2020 11:18:04 INFO Flush
05-04-2020 11:18:04 INFO Flush
05-04-2020 11:18:05 DEBUG Straight
05-04-2020 11:18:05 INFO Flush
05-04-2020 11:18:24 INFO Full House
05-04-2020 11:18:24 INFO Full House
05-04-2020 11:18:25 DEBUG Straight
05-04-2020 11:18:26 INFO Full House
05-04-2020 11:18:26 INFO Full House
05-04-2020 11:18:29 INFO Flush
05-04-2020 11:18:29 INFO Full House
05-04-2020 11:18:29 INFO Full House
05-04-2020 11:18:30 INFO Full House
05-04-2020 11:18:30 INFO Full House
05-04-2020 11:28:33 INFO Flush
05-04-2020 11:28:41 DEBUG Straight
05-04-2020 11:28:42 INFO Full House
05-04-2020 11:28:42 INFO Full House
05-04-2020 11:28:44 INFO Flush
05-04-2020 11:37:25 INFO Flush
05-04-2020 11:37:29 INFO Flush
05-04-2020 11:37:30 INFO Full House
05-04-2020 11:37:33 DEBUG Straight
05-04-2020 11:37:35 DEBUG Straight
05-04-2020 11:41:47 INFO Flush
05-04-2020 11:49:46 DEBUG Straight
05-04-2020 11:49:52 INFO Full House
05-04-2020 11:49:53 DEBUG Straight
05-04-2020 11:49:53 DEBUG Straight
05-04-2020 11:49:56 DEBUG Straight
05-04-2020 11:49:57 DEBUG Straight
05-04-2020 11:49:57 DEBUG Straight
05-04-2020 11:49:57 DEBUG Straight
05-04-2020 11:49:57 DEBUG Straight
05-04-2020 11:50:07 DEBUG Straight
05-04-2020 11:50:08 DEBUG Straight
05-04-2020 11:50:09 INFO Flush
05-04-2020 11:50:11 INFO Flush
05-04-2020 11:50:15 INFO Flush
05-04-2020 11:50:15 INFO Flush
05-04-2020 11:50:16 INFO Flush
05-04-2020 11:50:16 INFO Flush
05-04-2020 11:50:18 DEBUG Straight
05-04-2020 11:50:18 INFO Full House
05-04-2020 11:50:27 INFO Flush
05-04-2020 11:50:28 DEBUG Straight
05-04-2020 11:50:29 DEBUG Straight
05-04-2020 11:50:29 DEBUG Straight
05-04-2020 11:50:29 DEBUG Straight
05-04-2020 11:50:29 DEBUG Straight
05-04-2020 11:50:30 INFO Full House
05-04-2020 11:50:32 DEBUG Straight
05-04-2020 11:50:33 DEBUG Straight
05-04-2020 11:50:34 INFO Full House
05-04-2020 11:50:35 INFO Flush
05-04-2020 11:50:36 INFO Full House
05-04-2020 11:50:36 INFO Full House
05-04-2020 11:50:36 INFO Full House
05-04-2020 11:50:37 DEBUG Straight
05-04-2020 11:50:38 DEBUG Straight
05-04-2020 11:50:38 DEBUG Straight
05-04-2020 11:50:39 DEBUG Straight
05-04-2020 11:50:39 INFO Flush
05-04-2020 11:50:40 DEBUG Straight
05-04-2020 11:50:40 DEBUG Straight
05-04-2020 11:50:40 DEBUG Straight
05-04-2020 11:50:40 DEBUG Straight
05-04-2020 11:50:40 INFO Flush
05-04-2020 11:50:41 INFO Flush
05-04-2020 11:50:41 INFO Flush
05-04-2020 11:50:41 INFO Flush
05-04-2020 11:50:41 INFO Flush
05-04-2020 11:50:41 INFO Flush
05-04-2020 11:50:41 INFO Full House
05-04-2020 11:50:42 DEBUG Straight
05-04-2020 11:50:43 INFO Full House
05-04-2020 11:50:43 WARNING Four of a Kind
05-04-2020 11:50:43 INFO Full House
05-04-2020 11:50:43 INFO Full House
05-04-2020 11:50:43 INFO Full House
05-04-2020 11:50:44 INFO Flush
05-04-2020 11:50:44 INFO Full House
05-04-2020 11:50:45 DEBUG Straight
05-04-2020 11:50:53 INFO Full House
05-04-2020 11:50:54 INFO Flush
05-04-2020 11:50:54 INFO Flush
05-04-2020 11:50:54 DEBUG Straight
05-04-2020 11:50:58 DEBUG Straight
05-04-2020 11:50:58 DEBUG Straight
05-04-2020 11:50:58 DEBUG Straight
05-04-2020 11:51:00 INFO Flush
05-04-2020 11:51:01 INFO Flush
05-04-2020 11:51:02 DEBUG Straight
05-04-2020 11:51:02 INFO Full House
05-04-2020 11:51:03 INFO Full House
05-04-2020 11:51:03 INFO Full House
05-04-2020 11:51:10 INFO Flush
05-04-2020 11:51:11 DEBUG Straight
05-04-2020 11:51:11 DEBUG Straight
05-04-2020 11:51:11 INFO Flush
05-04-2020 11:51:11 DEBUG Straight
05-04-2020 11:51:11 DEBUG Straight
05-04-2020 12:35:42 INFO Flush
05-04-2020 12:35:47 DEBUG Straight
05-04-2020 12:35:53 DEBUG Straight
05-04-2020 12:35:54 INFO Flush
05-04-2020 12:35:55 INFO Full House
05-04-2020 12:35:57 INFO Flush
05-04-2020 12:35:58 INFO Full House
05-04-2020 12:36:52 INFO Full House
05-04-2020 12:36:52 INFO Full House
05-04-2020 12:36:52 INFO Full House
05-04-2020 12:37:12 DEBUG Straight
05-04-2020 12:37:25 INFO Flush
05-04-2020 01:36:52 DEBUG Straight
05-04-2020 01:42:13 INFO Full House
05-04-2020 01:42:13 INFO Full House
05-04-2020 01:42:13 INFO Full House
05-04-2020 01:42:13 INFO Full House
05-04-2020 01:42:13 INFO Full House
05-04-2020 02:10:21 WARNING Four of a Kind
05-04-2020 02:10:48 INFO Flush
05-04-2020 02:18:25 INFO Full House
05-04-2020 08:33:11 INFO Full House
05-04-2020 08:33:11 WARNING Four of a Kind
05-05-2020 06:29:09 INFO Full House
05-05-2020 07:04:34 INFO Flush
05-06-2020 09:14:20 WARNING Four of a Kind
05-06-2020 10:04:45 DEBUG Straight
05-06-2020 10:04:45 DEBUG Straight
05-06-2020 10:05:02 DEBUG Straight
05-06-2020 10:05:02 DEBUG Straight
05-06-2020 10:05:12 DEBUG Straight
05-08-2020 01:58:13 INFO Full House
05-08-2020 01:58:13 INFO Full House
05-08-2020 01:58:17 INFO Full House
05-08-2020 02:40:37 WARNING Four of a Kind
05-08-2020 02:40:59 INFO Flush
05-08-2020 03:15:27 INFO Flush
05-08-2020 03:15:27 INFO Flush
05-08-2020 03:15:41 INFO Flush
05-08-2020 03:15:41 INFO Flush
05-08-2020 03:15:50 INFO Flush
05-08-2020 04:13:05 INFO Full House
05-08-2020 04:19:34 INFO Flush
05-08-2020 04:19:34 INFO Flush
05-08-2020 04:19:38 INFO Flush
05-08-2020 06:02:29 INFO Flush
05-08-2020 06:02:29 INFO Flush
05-08-2020 06:02:40 INFO Flush
05-08-2020 06:02:40 INFO Flush
05-08-2020 06:02:45 INFO Flush
05-08-2020 06:07:25 INFO Full House
05-08-2020 06:07:54 DEBUG Straight
05-08-2020 06:07:54 DEBUG Straight
05-08-2020 06:08:25 INFO Flush
05-08-2020 06:08:25 INFO Flush
05-08-2020 06:08:40 INFO Flush
05-08-2020 06:08:40 INFO Flush
05-08-2020 06:08:41 INFO Flush
05-08-2020 06:16:34 INFO Flush
05-08-2020 06:16:34 INFO Flush
05-08-2020 06:16:40 INFO Flush
05-08-2020 06:16:40 INFO Flush
05-08-2020 06:16:46 INFO Flush
05-08-2020 06:16:46 INFO Flush
05-08-2020 06:16:47 INFO Flush
05-08-2020 06:18:28 DEBUG Straight
05-08-2020 06:18:28 DEBUG Straight
05-08-2020 06:18:31 DEBUG Straight
05-08-2020 06:20:43 DEBUG Straight
05-08-2020 06:20:43 DEBUG Straight
05-08-2020 06:20:52 DEBUG Straight
05-08-2020 07:42:31 DEBUG Straight
05-08-2020 07:48:50 INFO Flush
05-08-2020 07:48:50 INFO Flush
05-08-2020 07:49:06 INFO Flush
05-08-2020 07:49:06 INFO Flush
05-09-2020 11:06:29 INFO Full House
05-09-2020 11:18:23 INFO Full House
05-09-2020 11:18:23 INFO Full House
05-09-2020 11:18:24 INFO Full House
05-09-2020 11:18:24 INFO Full House
05-09-2020 11:18:25 INFO Full House
05-09-2020 11:18:25 INFO Full House
05-09-2020 11:18:26 INFO Full House
05-09-2020 11:18:26 INFO Full House
05-09-2020 11:18:27 INFO Full House
05-09-2020 11:18:27 INFO Full House
05-10-2020 12:29:47 INFO Full House
05-10-2020 12:29:47 INFO Full House
05-10-2020 12:29:51 INFO Full House
05-10-2020 12:59:22 INFO Full House
05-10-2020 12:59:22 INFO Full House
05-10-2020 12:59:29 INFO Full House
05-10-2020 12:59:29 INFO Full House
05-10-2020 12:59:36 INFO Full House
05-10-2020 02:09:59 DEBUG Straight
05-10-2020 02:09:59 DEBUG Straight
05-10-2020 02:10:19 DEBUG Straight
05-10-2020 03:08:17 INFO Flush
05-10-2020 03:08:17 INFO Flush
05-10-2020 03:08:26 INFO Flush
05-10-2020 04:09:59 DEBUG Straight
05-10-2020 04:09:59 DEBUG Straight
05-10-2020 04:10:05 DEBUG Straight
05-10-2020 04:31:38 INFO Full House
05-10-2020 04:31:38 INFO Full House
05-10-2020 04:31:48 INFO Full House
